<?xml version="1.0" encoding="UTF-8"?>
<coverage generated="1760739618299" clover="3.2.0">
  <project timestamp="1760739618299" name="All files">
    <metrics statements="25" coveredstatements="25" conditionals="13" coveredconditionals="10" methods="6" coveredmethods="6" elements="44" coveredelements="41" complexity="0" loc="25" ncloc="25" packages="1" files="2" classes="2"/>
    <file name="events.js" path="/Users/zainab/COSC4353-PROJECT-volunteer/routes/events.js">
      <metrics statements="13" coveredstatements="13" conditionals="11" coveredconditionals="8" methods="2" coveredmethods="2"/>
      <line num="2" count="1" type="stmt"/>
      <line num="3" count="1" type="stmt"/>
      <line num="6" count="1" type="stmt"/>
      <line num="28" count="1" type="stmt"/>
      <line num="29" count="1" type="stmt"/>
      <line num="33" count="1" type="stmt"/>
      <line num="34" count="2" type="stmt"/>
      <line num="37" count="2" type="cond" truecount="5" falsecount="0"/>
      <line num="38" count="1" type="stmt"/>
      <line num="41" count="1" type="stmt"/>
      <line num="51" count="1" type="stmt"/>
      <line num="52" count="1" type="stmt"/>
      <line num="55" count="1" type="stmt"/>
    </file>
    <file name="match.js" path="/Users/zainab/COSC4353-PROJECT-volunteer/routes/match.js">
      <metrics statements="12" coveredstatements="12" conditionals="2" coveredconditionals="2" methods="4" coveredmethods="4"/>
      <line num="2" count="1" type="stmt"/>
      <line num="3" count="1" type="stmt"/>
      <line num="6" count="1" type="stmt"/>
      <line num="12" count="1" type="stmt"/>
      <line num="18" count="1" type="stmt"/>
      <line num="19" count="1" type="stmt"/>
      <line num="21" count="1" type="stmt"/>
      <line num="22" count="2" type="stmt"/>
      <line num="23" count="6" type="cond" truecount="2" falsecount="0"/>
      <line num="27" count="2" type="stmt"/>
      <line num="33" count="1" type="stmt"/>
      <line num="36" count="1" type="stmt"/>
    </file>
  </project>
</coverage>
