{"/Users/danishjamal/COSC4353-PROJECT-volunteer/routes/auth.js": {"path":"/Users/danishjamal/COSC4353-PROJECT-volunteer/routes/auth.js","statementMap":{"0":{"start":{"line":2,"column":16},"end":{"line":2,"column":34}},"1":{"start":{"line":3,"column":15},"end":{"line":3,"column":31}},"2":{"start":{"line":4,"column":12},"end":{"line":4,"column":35}},"3":{"start":{"line":7,"column":19},"end":{"line":7,"column":41}},"4":{"start":{"line":10,"column":14},"end":{"line":27,"column":1}},"5":{"start":{"line":30,"column":0},"end":{"line":32,"column":3}},"6":{"start":{"line":31,"column":2},"end":{"line":31,"column":62}},"7":{"start":{"line":35,"column":0},"end":{"line":55,"column":3}},"8":{"start":{"line":36,"column":30},"end":{"line":36,"column":38}},"9":{"start":{"line":38,"column":2},"end":{"line":40,"column":3}},"10":{"start":{"line":39,"column":4},"end":{"line":39,"column":96}},"11":{"start":{"line":42,"column":15},"end":{"line":42,"column":49}},"12":{"start":{"line":42,"column":31},"end":{"line":42,"column":48}},"13":{"start":{"line":44,"column":2},"end":{"line":46,"column":3}},"14":{"start":{"line":45,"column":4},"end":{"line":45,"column":90}},"15":{"start":{"line":48,"column":16},"end":{"line":48,"column":110}},"16":{"start":{"line":50,"column":2},"end":{"line":54,"column":5}},"17":{"start":{"line":58,"column":0},"end":{"line":101,"column":3}},"18":{"start":{"line":59,"column":45},"end":{"line":59,"column":53}},"19":{"start":{"line":62,"column":2},"end":{"line":67,"column":3}},"20":{"start":{"line":63,"column":4},"end":{"line":66,"column":7}},"21":{"start":{"line":70,"column":2},"end":{"line":72,"column":3}},"22":{"start":{"line":71,"column":4},"end":{"line":71,"column":88}},"23":{"start":{"line":75,"column":19},"end":{"line":75,"column":53}},"24":{"start":{"line":75,"column":35},"end":{"line":75,"column":52}},"25":{"start":{"line":76,"column":2},"end":{"line":78,"column":3}},"26":{"start":{"line":77,"column":4},"end":{"line":77,"column":93}},"27":{"start":{"line":81,"column":18},"end":{"line":88,"column":3}},"28":{"start":{"line":90,"column":2},"end":{"line":90,"column":22}},"29":{"start":{"line":93,"column":18},"end":{"line":98,"column":3}},"30":{"start":{"line":100,"column":2},"end":{"line":100,"column":58}},"31":{"start":{"line":104,"column":0},"end":{"line":104,"column":24}}},"fnMap":{"0":{"name":"(anonymous_0)","decl":{"start":{"line":30,"column":16},"end":{"line":30,"column":17}},"loc":{"start":{"line":30,"column":30},"end":{"line":32,"column":1}},"line":30},"1":{"name":"(anonymous_1)","decl":{"start":{"line":35,"column":22},"end":{"line":35,"column":23}},"loc":{"start":{"line":35,"column":36},"end":{"line":55,"column":1}},"line":35},"2":{"name":"(anonymous_2)","decl":{"start":{"line":42,"column":26},"end":{"line":42,"column":27}},"loc":{"start":{"line":42,"column":31},"end":{"line":42,"column":48}},"line":42},"3":{"name":"(anonymous_3)","decl":{"start":{"line":58,"column":25},"end":{"line":58,"column":26}},"loc":{"start":{"line":58,"column":39},"end":{"line":101,"column":1}},"line":58},"4":{"name":"(anonymous_4)","decl":{"start":{"line":75,"column":30},"end":{"line":75,"column":31}},"loc":{"start":{"line":75,"column":35},"end":{"line":75,"column":52}},"line":75}},"branchMap":{"0":{"loc":{"start":{"line":38,"column":2},"end":{"line":40,"column":3}},"type":"if","locations":[{"start":{"line":38,"column":2},"end":{"line":40,"column":3}},{"start":{},"end":{}}],"line":38},"1":{"loc":{"start":{"line":38,"column":6},"end":{"line":38,"column":25}},"type":"binary-expr","locations":[{"start":{"line":38,"column":6},"end":{"line":38,"column":12}},{"start":{"line":38,"column":16},"end":{"line":38,"column":25}}],"line":38},"2":{"loc":{"start":{"line":44,"column":2},"end":{"line":46,"column":3}},"type":"if","locations":[{"start":{"line":44,"column":2},"end":{"line":46,"column":3}},{"start":{},"end":{}}],"line":44},"3":{"loc":{"start":{"line":44,"column":6},"end":{"line":44,"column":41}},"type":"binary-expr","locations":[{"start":{"line":44,"column":6},"end":{"line":44,"column":11}},{"start":{"line":44,"column":15},"end":{"line":44,"column":41}}],"line":44},"4":{"loc":{"start":{"line":62,"column":2},"end":{"line":67,"column":3}},"type":"if","locations":[{"start":{"line":62,"column":2},"end":{"line":67,"column":3}},{"start":{},"end":{}}],"line":62},"5":{"loc":{"start":{"line":62,"column":6},"end":{"line":62,"column":37}},"type":"binary-expr","locations":[{"start":{"line":62,"column":6},"end":{"line":62,"column":12}},{"start":{"line":62,"column":16},"end":{"line":62,"column":25}},{"start":{"line":62,"column":29},"end":{"line":62,"column":37}}],"line":62},"6":{"loc":{"start":{"line":70,"column":2},"end":{"line":72,"column":3}},"type":"if","locations":[{"start":{"line":70,"column":2},"end":{"line":72,"column":3}},{"start":{},"end":{}}],"line":70},"7":{"loc":{"start":{"line":76,"column":2},"end":{"line":78,"column":3}},"type":"if","locations":[{"start":{"line":76,"column":2},"end":{"line":78,"column":3}},{"start":{},"end":{}}],"line":76},"8":{"loc":{"start":{"line":87,"column":10},"end":{"line":87,"column":24}},"type":"binary-expr","locations":[{"start":{"line":87,"column":10},"end":{"line":87,"column":14}},{"start":{"line":87,"column":18},"end":{"line":87,"column":24}}],"line":87}},"s":{"0":1,"1":1,"2":1,"3":1,"4":1,"5":1,"6":1,"7":1,"8":3,"9":3,"10":1,"11":2,"12":2,"13":2,"14":1,"15":1,"16":1,"17":1,"18":4,"19":4,"20":0,"21":4,"22":1,"23":3,"24":9,"25":3,"26":1,"27":2,"28":2,"29":2,"30":2,"31":1},"f":{"0":1,"1":3,"2":2,"3":4,"4":9},"b":{"0":[1,2],"1":[3,2],"2":[1,1],"3":[2,2],"4":[0,4],"5":[4,4,4],"6":[1,3],"7":[1,2],"8":[2,0]},"_coverageSchema":"1a1c01bbd47fc00a2c39e90264f33305004495a9","hash":"3738a39867e1a0ffd31ee45d6d6f8404d3571127"}
,"/Users/danishjamal/COSC4353-PROJECT-volunteer/routes/events.js": {"path":"/Users/danishjamal/COSC4353-PROJECT-volunteer/routes/events.js","statementMap":{"0":{"start":{"line":2,"column":16},"end":{"line":2,"column":34}},"1":{"start":{"line":3,"column":15},"end":{"line":3,"column":31}},"2":{"start":{"line":6,"column":13},"end":{"line":25,"column":1}},"3":{"start":{"line":28,"column":0},"end":{"line":30,"column":3}},"4":{"start":{"line":29,"column":2},"end":{"line":29,"column":19}},"5":{"start":{"line":33,"column":0},"end":{"line":53,"column":3}},"6":{"start":{"line":34,"column":69},"end":{"line":34,"column":77}},"7":{"start":{"line":37,"column":2},"end":{"line":39,"column":3}},"8":{"start":{"line":38,"column":4},"end":{"line":38,"column":87}},"9":{"start":{"line":41,"column":19},"end":{"line":49,"column":3}},"10":{"start":{"line":51,"column":2},"end":{"line":51,"column":24}},"11":{"start":{"line":52,"column":2},"end":{"line":52,"column":33}},"12":{"start":{"line":55,"column":0},"end":{"line":55,"column":24}}},"fnMap":{"0":{"name":"(anonymous_0)","decl":{"start":{"line":28,"column":16},"end":{"line":28,"column":17}},"loc":{"start":{"line":28,"column":30},"end":{"line":30,"column":1}},"line":28},"1":{"name":"(anonymous_1)","decl":{"start":{"line":33,"column":20},"end":{"line":33,"column":21}},"loc":{"start":{"line":33,"column":34},"end":{"line":53,"column":1}},"line":33}},"branchMap":{"0":{"loc":{"start":{"line":37,"column":2},"end":{"line":39,"column":3}},"type":"if","locations":[{"start":{"line":37,"column":2},"end":{"line":39,"column":3}},{"start":{},"end":{}}],"line":37},"1":{"loc":{"start":{"line":37,"column":6},"end":{"line":37,"column":33}},"type":"binary-expr","locations":[{"start":{"line":37,"column":6},"end":{"line":37,"column":11}},{"start":{"line":37,"column":15},"end":{"line":37,"column":20}},{"start":{"line":37,"column":24},"end":{"line":37,"column":33}}],"line":37},"2":{"loc":{"start":{"line":46,"column":20},"end":{"line":46,"column":40}},"type":"binary-expr","locations":[{"start":{"line":46,"column":20},"end":{"line":46,"column":34}},{"start":{"line":46,"column":38},"end":{"line":46,"column":40}}],"line":46},"3":{"loc":{"start":{"line":47,"column":13},"end":{"line":47,"column":29}},"type":"binary-expr","locations":[{"start":{"line":47,"column":13},"end":{"line":47,"column":20}},{"start":{"line":47,"column":24},"end":{"line":47,"column":29}}],"line":47},"4":{"loc":{"start":{"line":48,"column":13},"end":{"line":48,"column":26}},"type":"binary-expr","locations":[{"start":{"line":48,"column":13},"end":{"line":48,"column":20}},{"start":{"line":48,"column":24},"end":{"line":48,"column":26}}],"line":48}},"s":{"0":1,"1":1,"2":1,"3":1,"4":1,"5":1,"6":2,"7":2,"8":1,"9":1,"10":1,"11":1,"12":1},"f":{"0":1,"1":2},"b":{"0":[1,1],"1":[2,1,1],"2":[1,0],"3":[1,0],"4":[1,0]},"_coverageSchema":"1a1c01bbd47fc00a2c39e90264f33305004495a9","hash":"27736314f867bf81094174995e349188c42d1aff"}
,"/Users/danishjamal/COSC4353-PROJECT-volunteer/routes/match.js": {"path":"/Users/danishjamal/COSC4353-PROJECT-volunteer/routes/match.js","statementMap":{"0":{"start":{"line":2,"column":16},"end":{"line":2,"column":34}},"1":{"start":{"line":3,"column":15},"end":{"line":3,"column":31}},"2":{"start":{"line":6,"column":19},"end":{"line":9,"column":1}},"3":{"start":{"line":12,"column":15},"end":{"line":15,"column":1}},"4":{"start":{"line":18,"column":0},"end":{"line":34,"column":3}},"5":{"start":{"line":19,"column":18},"end":{"line":19,"column":20}},"6":{"start":{"line":21,"column":2},"end":{"line":31,"column":5}},"7":{"start":{"line":22,"column":30},"end":{"line":25,"column":5}},"8":{"start":{"line":23,"column":6},"end":{"line":24,"column":43}},"9":{"start":{"line":23,"column":37},"end":{"line":23,"column":73}},"10":{"start":{"line":27,"column":4},"end":{"line":30,"column":7}},"11":{"start":{"line":33,"column":2},"end":{"line":33,"column":20}},"12":{"start":{"line":36,"column":0},"end":{"line":36,"column":24}}},"fnMap":{"0":{"name":"(anonymous_0)","decl":{"start":{"line":18,"column":16},"end":{"line":18,"column":17}},"loc":{"start":{"line":18,"column":30},"end":{"line":34,"column":1}},"line":18},"1":{"name":"(anonymous_1)","decl":{"start":{"line":21,"column":17},"end":{"line":21,"column":18}},"loc":{"start":{"line":21,"column":26},"end":{"line":31,"column":3}},"line":21},"2":{"name":"(anonymous_2)","decl":{"start":{"line":22,"column":48},"end":{"line":22,"column":49}},"loc":{"start":{"line":23,"column":6},"end":{"line":24,"column":43}},"line":23},"3":{"name":"(anonymous_3)","decl":{"start":{"line":23,"column":28},"end":{"line":23,"column":29}},"loc":{"start":{"line":23,"column":37},"end":{"line":23,"column":73}},"line":23}},"branchMap":{"0":{"loc":{"start":{"line":23,"column":6},"end":{"line":24,"column":43}},"type":"binary-expr","locations":[{"start":{"line":23,"column":6},"end":{"line":23,"column":74}},{"start":{"line":24,"column":6},"end":{"line":24,"column":43}}],"line":23}},"s":{"0":1,"1":1,"2":1,"3":1,"4":1,"5":1,"6":1,"7":2,"8":4,"9":6,"10":2,"11":1,"12":1},"f":{"0":1,"1":2,"2":4,"3":6},"b":{"0":[4,3]},"_coverageSchema":"1a1c01bbd47fc00a2c39e90264f33305004495a9","hash":"84dfbe6f0dae3800b06d324386adc260d02548f2"}
,"/Users/danishjamal/COSC4353-PROJECT-volunteer/routes/profile.js": {"path":"/Users/danishjamal/COSC4353-PROJECT-volunteer/routes/profile.js","statementMap":{"0":{"start":{"line":1,"column":16},"end":{"line":1,"column":34}},"1":{"start":{"line":2,"column":15},"end":{"line":2,"column":31}},"2":{"start":{"line":5,"column":0},"end":{"line":7,"column":3}},"3":{"start":{"line":6,"column":2},"end":{"line":6,"column":48}},"4":{"start":{"line":9,"column":0},"end":{"line":9,"column":24}},"5":{"start":{"line":11,"column":19},"end":{"line":90,"column":6}},"6":{"start":{"line":13,"column":19},"end":{"line":31,"column":5}},"7":{"start":{"line":33,"column":19},"end":{"line":35,"column":5}},"8":{"start":{"line":37,"column":27},"end":{"line":37,"column":84}},"9":{"start":{"line":38,"column":33},"end":{"line":38,"column":86}},"10":{"start":{"line":40,"column":32},"end":{"line":40,"column":97}},"11":{"start":{"line":41,"column":27},"end":{"line":41,"column":41}},"12":{"start":{"line":42,"column":27},"end":{"line":42,"column":41}},"13":{"start":{"line":45,"column":20},"end":{"line":45,"column":31}},"14":{"start":{"line":46,"column":6},"end":{"line":46,"column":56}},"15":{"start":{"line":46,"column":29},"end":{"line":46,"column":46}},"16":{"start":{"line":50,"column":20},"end":{"line":50,"column":31}},"17":{"start":{"line":51,"column":18},"end":{"line":51,"column":57}},"18":{"start":{"line":51,"column":39},"end":{"line":51,"column":56}},"19":{"start":{"line":52,"column":6},"end":{"line":52,"column":35}},"20":{"start":{"line":52,"column":22},"end":{"line":52,"column":35}},"21":{"start":{"line":53,"column":6},"end":{"line":53,"column":35}},"22":{"start":{"line":54,"column":6},"end":{"line":54,"column":41}},"23":{"start":{"line":55,"column":6},"end":{"line":55,"column":24}},"24":{"start":{"line":56,"column":6},"end":{"line":56,"column":18}},"25":{"start":{"line":60,"column":20},"end":{"line":60,"column":31}},"26":{"start":{"line":61,"column":18},"end":{"line":61,"column":57}},"27":{"start":{"line":61,"column":39},"end":{"line":61,"column":56}},"28":{"start":{"line":62,"column":6},"end":{"line":62,"column":32}},"29":{"start":{"line":62,"column":22},"end":{"line":62,"column":32}},"30":{"start":{"line":63,"column":6},"end":{"line":63,"column":52}},"31":{"start":{"line":64,"column":6},"end":{"line":64,"column":78}},"32":{"start":{"line":65,"column":6},"end":{"line":65,"column":102}},"33":{"start":{"line":65,"column":59},"end":{"line":65,"column":102}},"34":{"start":{"line":66,"column":6},"end":{"line":66,"column":24}},"35":{"start":{"line":67,"column":6},"end":{"line":67,"column":50}},"36":{"start":{"line":71,"column":20},"end":{"line":71,"column":31}},"37":{"start":{"line":72,"column":18},"end":{"line":72,"column":57}},"38":{"start":{"line":72,"column":39},"end":{"line":72,"column":56}},"39":{"start":{"line":73,"column":6},"end":{"line":73,"column":32}},"40":{"start":{"line":73,"column":22},"end":{"line":73,"column":32}},"41":{"start":{"line":74,"column":6},"end":{"line":74,"column":52}},"42":{"start":{"line":75,"column":6},"end":{"line":75,"column":78}},"43":{"start":{"line":76,"column":6},"end":{"line":76,"column":96}},"44":{"start":{"line":76,"column":84},"end":{"line":76,"column":94}},"45":{"start":{"line":77,"column":6},"end":{"line":77,"column":24}},"46":{"start":{"line":78,"column":6},"end":{"line":78,"column":50}},"47":{"start":{"line":81,"column":4},"end":{"line":89,"column":6}},"48":{"start":{"line":92,"column":2},"end":{"line":95,"column":4}}},"fnMap":{"0":{"name":"(anonymous_0)","decl":{"start":{"line":5,"column":22},"end":{"line":5,"column":23}},"loc":{"start":{"line":5,"column":36},"end":{"line":7,"column":1}},"line":5},"1":{"name":"(anonymous_1)","decl":{"start":{"line":11,"column":20},"end":{"line":11,"column":21}},"loc":{"start":{"line":11,"column":26},"end":{"line":90,"column":3}},"line":11},"2":{"name":"_getUsers","decl":{"start":{"line":37,"column":13},"end":{"line":37,"column":22}},"loc":{"start":{"line":37,"column":25},"end":{"line":37,"column":86}},"line":37},"3":{"name":"_saveUsers","decl":{"start":{"line":38,"column":13},"end":{"line":38,"column":23}},"loc":{"start":{"line":38,"column":31},"end":{"line":38,"column":88}},"line":38},"4":{"name":"getCurrentUser","decl":{"start":{"line":40,"column":13},"end":{"line":40,"column":27}},"loc":{"start":{"line":40,"column":30},"end":{"line":40,"column":99}},"line":40},"5":{"name":"getStates","decl":{"start":{"line":41,"column":13},"end":{"line":41,"column":22}},"loc":{"start":{"line":41,"column":25},"end":{"line":41,"column":43}},"line":41},"6":{"name":"getSkills","decl":{"start":{"line":42,"column":13},"end":{"line":42,"column":22}},"loc":{"start":{"line":42,"column":25},"end":{"line":42,"column":43}},"line":42},"7":{"name":"getUserProfile","decl":{"start":{"line":44,"column":13},"end":{"line":44,"column":27}},"loc":{"start":{"line":44,"column":35},"end":{"line":47,"column":5}},"line":44},"8":{"name":"(anonymous_8)","decl":{"start":{"line":46,"column":24},"end":{"line":46,"column":25}},"loc":{"start":{"line":46,"column":29},"end":{"line":46,"column":46}},"line":46},"9":{"name":"updateUserProfile","decl":{"start":{"line":49,"column":13},"end":{"line":49,"column":30}},"loc":{"start":{"line":49,"column":47},"end":{"line":57,"column":5}},"line":49},"10":{"name":"(anonymous_10)","decl":{"start":{"line":51,"column":34},"end":{"line":51,"column":35}},"loc":{"start":{"line":51,"column":39},"end":{"line":51,"column":56}},"line":51},"11":{"name":"addAvailability","decl":{"start":{"line":59,"column":13},"end":{"line":59,"column":28}},"loc":{"start":{"line":59,"column":42},"end":{"line":68,"column":5}},"line":59},"12":{"name":"(anonymous_12)","decl":{"start":{"line":61,"column":34},"end":{"line":61,"column":35}},"loc":{"start":{"line":61,"column":39},"end":{"line":61,"column":56}},"line":61},"13":{"name":"removeAvailability","decl":{"start":{"line":70,"column":13},"end":{"line":70,"column":31}},"loc":{"start":{"line":70,"column":45},"end":{"line":79,"column":5}},"line":70},"14":{"name":"(anonymous_14)","decl":{"start":{"line":72,"column":34},"end":{"line":72,"column":35}},"loc":{"start":{"line":72,"column":39},"end":{"line":72,"column":56}},"line":72},"15":{"name":"(anonymous_15)","decl":{"start":{"line":76,"column":79},"end":{"line":76,"column":80}},"loc":{"start":{"line":76,"column":84},"end":{"line":76,"column":94}},"line":76}},"branchMap":{"0":{"loc":{"start":{"line":37,"column":45},"end":{"line":37,"column":82}},"type":"binary-expr","locations":[{"start":{"line":37,"column":45},"end":{"line":37,"column":74}},{"start":{"line":37,"column":78},"end":{"line":37,"column":82}}],"line":37},"1":{"loc":{"start":{"line":40,"column":50},"end":{"line":40,"column":95}},"type":"binary-expr","locations":[{"start":{"line":40,"column":50},"end":{"line":40,"column":85}},{"start":{"line":40,"column":89},"end":{"line":40,"column":95}}],"line":40},"2":{"loc":{"start":{"line":46,"column":13},"end":{"line":46,"column":55}},"type":"binary-expr","locations":[{"start":{"line":46,"column":13},"end":{"line":46,"column":47}},{"start":{"line":46,"column":51},"end":{"line":46,"column":55}}],"line":46},"3":{"loc":{"start":{"line":52,"column":6},"end":{"line":52,"column":35}},"type":"if","locations":[{"start":{"line":52,"column":6},"end":{"line":52,"column":35}},{"start":{},"end":{}}],"line":52},"4":{"loc":{"start":{"line":62,"column":6},"end":{"line":62,"column":32}},"type":"if","locations":[{"start":{"line":62,"column":6},"end":{"line":62,"column":32}},{"start":{},"end":{}}],"line":62},"5":{"loc":{"start":{"line":63,"column":27},"end":{"line":63,"column":51}},"type":"binary-expr","locations":[{"start":{"line":63,"column":27},"end":{"line":63,"column":45}},{"start":{"line":63,"column":49},"end":{"line":63,"column":51}}],"line":63},"6":{"loc":{"start":{"line":64,"column":40},"end":{"line":64,"column":77}},"type":"binary-expr","locations":[{"start":{"line":64,"column":40},"end":{"line":64,"column":71}},{"start":{"line":64,"column":75},"end":{"line":64,"column":77}}],"line":64},"7":{"loc":{"start":{"line":65,"column":6},"end":{"line":65,"column":102}},"type":"if","locations":[{"start":{"line":65,"column":6},"end":{"line":65,"column":102}},{"start":{},"end":{}}],"line":65},"8":{"loc":{"start":{"line":73,"column":6},"end":{"line":73,"column":32}},"type":"if","locations":[{"start":{"line":73,"column":6},"end":{"line":73,"column":32}},{"start":{},"end":{}}],"line":73},"9":{"loc":{"start":{"line":74,"column":27},"end":{"line":74,"column":51}},"type":"binary-expr","locations":[{"start":{"line":74,"column":27},"end":{"line":74,"column":45}},{"start":{"line":74,"column":49},"end":{"line":74,"column":51}}],"line":74},"10":{"loc":{"start":{"line":75,"column":40},"end":{"line":75,"column":77}},"type":"binary-expr","locations":[{"start":{"line":75,"column":40},"end":{"line":75,"column":71}},{"start":{"line":75,"column":75},"end":{"line":75,"column":77}}],"line":75}},"s":{"0":1,"1":1,"2":1,"3":0,"4":1,"5":1,"6":1,"7":1,"8":8,"9":4,"10":1,"11":1,"12":1,"13":3,"14":3,"15":4,"16":2,"17":2,"18":3,"19":2,"20":1,"21":1,"22":1,"23":1,"24":1,"25":2,"26":2,"27":2,"28":2,"29":0,"30":2,"31":2,"32":2,"33":2,"34":2,"35":2,"36":1,"37":1,"38":1,"39":1,"40":0,"41":1,"42":1,"43":1,"44":1,"45":1,"46":1,"47":1,"48":1},"f":{"0":0,"1":1,"2":8,"3":4,"4":1,"5":1,"6":1,"7":3,"8":4,"9":2,"10":3,"11":2,"12":2,"13":1,"14":1,"15":1},"b":{"0":[8,0],"1":[1,0],"2":[3,1],"3":[1,1],"4":[0,2],"5":[2,0],"6":[2,0],"7":[2,0],"8":[0,1],"9":[1,0],"10":[1,0]},"_coverageSchema":"1a1c01bbd47fc00a2c39e90264f33305004495a9","hash":"ac1ee0cd78f5c12d4de7c17fa837a0fa0b280e78"}
}
