{"/Users/muhammadamaarkhatani/Desktop/COSC4353-PROJECT-volunteer-A#4/db/mongoose.js": {"path":"/Users/muhammadamaarkhatani/Desktop/COSC4353-PROJECT-volunteer-A#4/db/mongoose.js","statementMap":{"0":{"start":{"line":2,"column":17},"end":{"line":2,"column":36}},"1":{"start":{"line":5,"column":19},"end":{"line":5,"column":91}},"2":{"start":{"line":6,"column":2},"end":{"line":6,"column":63}},"3":{"start":{"line":10,"column":2},"end":{"line":10,"column":30}},"4":{"start":{"line":13,"column":0},"end":{"line":13,"column":51}}},"fnMap":{"0":{"name":"connect","decl":{"start":{"line":4,"column":15},"end":{"line":4,"column":22}},"loc":{"start":{"line":4,"column":28},"end":{"line":7,"column":1}},"line":4},"1":{"name":"disconnect","decl":{"start":{"line":9,"column":15},"end":{"line":9,"column":25}},"loc":{"start":{"line":9,"column":28},"end":{"line":11,"column":1}},"line":9}},"branchMap":{"0":{"loc":{"start":{"line":5,"column":19},"end":{"line":5,"column":91}},"type":"binary-expr","locations":[{"start":{"line":5,"column":19},"end":{"line":5,"column":22}},{"start":{"line":5,"column":26},"end":{"line":5,"column":47}},{"start":{"line":5,"column":51},"end":{"line":5,"column":91}}],"line":5}},"s":{"0":1,"1":0,"2":0,"3":0,"4":1},"f":{"0":0,"1":0},"b":{"0":[0,0,0]},"_coverageSchema":"1a1c01bbd47fc00a2c39e90264f33305004495a9","hash":"892319e746f862f4ce58a7b2b48500d5368e8811"}
,"/Users/muhammadamaarkhatani/Desktop/COSC4353-PROJECT-volunteer-A#4/models/UserProfile.js": {"path":"/Users/muhammadamaarkhatani/Desktop/COSC4353-PROJECT-volunteer-A#4/models/UserProfile.js","statementMap":{"0":{"start":{"line":1,"column":21},"end":{"line":1,"column":46}},"1":{"start":{"line":3,"column":26},"end":{"line":14,"column":1}},"2":{"start":{"line":16,"column":20},"end":{"line":16,"column":68}},"3":{"start":{"line":17,"column":0},"end":{"line":17,"column":29}}},"fnMap":{},"branchMap":{},"s":{"0":1,"1":1,"2":1,"3":1},"f":{},"b":{},"_coverageSchema":"1a1c01bbd47fc00a2c39e90264f33305004495a9","hash":"51a2ce97ef9ad883c4d13b81471aaa49b320a09d"}
,"/Users/muhammadamaarkhatani/Desktop/COSC4353-PROJECT-volunteer-A#4/routes/auth.js": {"path":"/Users/muhammadamaarkhatani/Desktop/COSC4353-PROJECT-volunteer-A#4/routes/auth.js","statementMap":{"0":{"start":{"line":2,"column":16},"end":{"line":2,"column":34}},"1":{"start":{"line":3,"column":15},"end":{"line":3,"column":31}},"2":{"start":{"line":4,"column":12},"end":{"line":4,"column":35}},"3":{"start":{"line":7,"column":19},"end":{"line":7,"column":41}},"4":{"start":{"line":10,"column":14},"end":{"line":27,"column":1}},"5":{"start":{"line":30,"column":0},"end":{"line":32,"column":3}},"6":{"start":{"line":31,"column":2},"end":{"line":31,"column":62}},"7":{"start":{"line":35,"column":0},"end":{"line":55,"column":3}},"8":{"start":{"line":36,"column":30},"end":{"line":36,"column":38}},"9":{"start":{"line":38,"column":2},"end":{"line":40,"column":3}},"10":{"start":{"line":39,"column":4},"end":{"line":39,"column":96}},"11":{"start":{"line":42,"column":15},"end":{"line":42,"column":49}},"12":{"start":{"line":42,"column":31},"end":{"line":42,"column":48}},"13":{"start":{"line":44,"column":2},"end":{"line":46,"column":3}},"14":{"start":{"line":45,"column":4},"end":{"line":45,"column":90}},"15":{"start":{"line":48,"column":16},"end":{"line":48,"column":110}},"16":{"start":{"line":50,"column":2},"end":{"line":54,"column":5}},"17":{"start":{"line":58,"column":0},"end":{"line":101,"column":3}},"18":{"start":{"line":59,"column":45},"end":{"line":59,"column":53}},"19":{"start":{"line":62,"column":2},"end":{"line":67,"column":3}},"20":{"start":{"line":63,"column":4},"end":{"line":66,"column":7}},"21":{"start":{"line":70,"column":2},"end":{"line":72,"column":3}},"22":{"start":{"line":71,"column":4},"end":{"line":71,"column":88}},"23":{"start":{"line":75,"column":19},"end":{"line":75,"column":53}},"24":{"start":{"line":75,"column":35},"end":{"line":75,"column":52}},"25":{"start":{"line":76,"column":2},"end":{"line":78,"column":3}},"26":{"start":{"line":77,"column":4},"end":{"line":77,"column":93}},"27":{"start":{"line":81,"column":18},"end":{"line":88,"column":3}},"28":{"start":{"line":90,"column":2},"end":{"line":90,"column":22}},"29":{"start":{"line":93,"column":18},"end":{"line":98,"column":3}},"30":{"start":{"line":100,"column":2},"end":{"line":100,"column":58}},"31":{"start":{"line":104,"column":0},"end":{"line":104,"column":24}}},"fnMap":{"0":{"name":"(anonymous_0)","decl":{"start":{"line":30,"column":16},"end":{"line":30,"column":17}},"loc":{"start":{"line":30,"column":30},"end":{"line":32,"column":1}},"line":30},"1":{"name":"(anonymous_1)","decl":{"start":{"line":35,"column":22},"end":{"line":35,"column":23}},"loc":{"start":{"line":35,"column":36},"end":{"line":55,"column":1}},"line":35},"2":{"name":"(anonymous_2)","decl":{"start":{"line":42,"column":26},"end":{"line":42,"column":27}},"loc":{"start":{"line":42,"column":31},"end":{"line":42,"column":48}},"line":42},"3":{"name":"(anonymous_3)","decl":{"start":{"line":58,"column":25},"end":{"line":58,"column":26}},"loc":{"start":{"line":58,"column":39},"end":{"line":101,"column":1}},"line":58},"4":{"name":"(anonymous_4)","decl":{"start":{"line":75,"column":30},"end":{"line":75,"column":31}},"loc":{"start":{"line":75,"column":35},"end":{"line":75,"column":52}},"line":75}},"branchMap":{"0":{"loc":{"start":{"line":38,"column":2},"end":{"line":40,"column":3}},"type":"if","locations":[{"start":{"line":38,"column":2},"end":{"line":40,"column":3}},{"start":{},"end":{}}],"line":38},"1":{"loc":{"start":{"line":38,"column":6},"end":{"line":38,"column":25}},"type":"binary-expr","locations":[{"start":{"line":38,"column":6},"end":{"line":38,"column":12}},{"start":{"line":38,"column":16},"end":{"line":38,"column":25}}],"line":38},"2":{"loc":{"start":{"line":44,"column":2},"end":{"line":46,"column":3}},"type":"if","locations":[{"start":{"line":44,"column":2},"end":{"line":46,"column":3}},{"start":{},"end":{}}],"line":44},"3":{"loc":{"start":{"line":44,"column":6},"end":{"line":44,"column":41}},"type":"binary-expr","locations":[{"start":{"line":44,"column":6},"end":{"line":44,"column":11}},{"start":{"line":44,"column":15},"end":{"line":44,"column":41}}],"line":44},"4":{"loc":{"start":{"line":62,"column":2},"end":{"line":67,"column":3}},"type":"if","locations":[{"start":{"line":62,"column":2},"end":{"line":67,"column":3}},{"start":{},"end":{}}],"line":62},"5":{"loc":{"start":{"line":62,"column":6},"end":{"line":62,"column":37}},"type":"binary-expr","locations":[{"start":{"line":62,"column":6},"end":{"line":62,"column":12}},{"start":{"line":62,"column":16},"end":{"line":62,"column":25}},{"start":{"line":62,"column":29},"end":{"line":62,"column":37}}],"line":62},"6":{"loc":{"start":{"line":70,"column":2},"end":{"line":72,"column":3}},"type":"if","locations":[{"start":{"line":70,"column":2},"end":{"line":72,"column":3}},{"start":{},"end":{}}],"line":70},"7":{"loc":{"start":{"line":76,"column":2},"end":{"line":78,"column":3}},"type":"if","locations":[{"start":{"line":76,"column":2},"end":{"line":78,"column":3}},{"start":{},"end":{}}],"line":76},"8":{"loc":{"start":{"line":87,"column":10},"end":{"line":87,"column":24}},"type":"binary-expr","locations":[{"start":{"line":87,"column":10},"end":{"line":87,"column":14}},{"start":{"line":87,"column":18},"end":{"line":87,"column":24}}],"line":87}},"s":{"0":1,"1":1,"2":1,"3":1,"4":1,"5":1,"6":1,"7":1,"8":3,"9":3,"10":1,"11":2,"12":2,"13":2,"14":1,"15":1,"16":1,"17":1,"18":4,"19":4,"20":0,"21":4,"22":1,"23":3,"24":9,"25":3,"26":1,"27":2,"28":2,"29":2,"30":2,"31":1},"f":{"0":1,"1":3,"2":2,"3":4,"4":9},"b":{"0":[1,2],"1":[3,2],"2":[1,1],"3":[2,2],"4":[0,4],"5":[4,4,4],"6":[1,3],"7":[1,2],"8":[2,0]},"_coverageSchema":"1a1c01bbd47fc00a2c39e90264f33305004495a9","hash":"861e36b15a279df18129f6bdc55e4e0f81dc3fac"}
,"/Users/muhammadamaarkhatani/Desktop/COSC4353-PROJECT-volunteer-A#4/routes/events.js": {"path":"/Users/muhammadamaarkhatani/Desktop/COSC4353-PROJECT-volunteer-A#4/routes/events.js","statementMap":{"0":{"start":{"line":2,"column":16},"end":{"line":2,"column":34}},"1":{"start":{"line":3,"column":15},"end":{"line":3,"column":31}},"2":{"start":{"line":6,"column":13},"end":{"line":25,"column":1}},"3":{"start":{"line":28,"column":0},"end":{"line":30,"column":3}},"4":{"start":{"line":29,"column":2},"end":{"line":29,"column":19}},"5":{"start":{"line":33,"column":0},"end":{"line":53,"column":3}},"6":{"start":{"line":34,"column":69},"end":{"line":34,"column":77}},"7":{"start":{"line":37,"column":2},"end":{"line":39,"column":3}},"8":{"start":{"line":38,"column":4},"end":{"line":38,"column":87}},"9":{"start":{"line":41,"column":19},"end":{"line":49,"column":3}},"10":{"start":{"line":51,"column":2},"end":{"line":51,"column":24}},"11":{"start":{"line":52,"column":2},"end":{"line":52,"column":33}},"12":{"start":{"line":55,"column":0},"end":{"line":55,"column":24}}},"fnMap":{"0":{"name":"(anonymous_0)","decl":{"start":{"line":28,"column":16},"end":{"line":28,"column":17}},"loc":{"start":{"line":28,"column":30},"end":{"line":30,"column":1}},"line":28},"1":{"name":"(anonymous_1)","decl":{"start":{"line":33,"column":20},"end":{"line":33,"column":21}},"loc":{"start":{"line":33,"column":34},"end":{"line":53,"column":1}},"line":33}},"branchMap":{"0":{"loc":{"start":{"line":37,"column":2},"end":{"line":39,"column":3}},"type":"if","locations":[{"start":{"line":37,"column":2},"end":{"line":39,"column":3}},{"start":{},"end":{}}],"line":37},"1":{"loc":{"start":{"line":37,"column":6},"end":{"line":37,"column":33}},"type":"binary-expr","locations":[{"start":{"line":37,"column":6},"end":{"line":37,"column":11}},{"start":{"line":37,"column":15},"end":{"line":37,"column":20}},{"start":{"line":37,"column":24},"end":{"line":37,"column":33}}],"line":37},"2":{"loc":{"start":{"line":46,"column":20},"end":{"line":46,"column":40}},"type":"binary-expr","locations":[{"start":{"line":46,"column":20},"end":{"line":46,"column":34}},{"start":{"line":46,"column":38},"end":{"line":46,"column":40}}],"line":46},"3":{"loc":{"start":{"line":47,"column":13},"end":{"line":47,"column":29}},"type":"binary-expr","locations":[{"start":{"line":47,"column":13},"end":{"line":47,"column":20}},{"start":{"line":47,"column":24},"end":{"line":47,"column":29}}],"line":47},"4":{"loc":{"start":{"line":48,"column":13},"end":{"line":48,"column":26}},"type":"binary-expr","locations":[{"start":{"line":48,"column":13},"end":{"line":48,"column":20}},{"start":{"line":48,"column":24},"end":{"line":48,"column":26}}],"line":48}},"s":{"0":1,"1":1,"2":1,"3":1,"4":1,"5":1,"6":2,"7":2,"8":1,"9":1,"10":1,"11":1,"12":1},"f":{"0":1,"1":2},"b":{"0":[1,1],"1":[2,1,1],"2":[1,0],"3":[1,0],"4":[1,0]},"_coverageSchema":"1a1c01bbd47fc00a2c39e90264f33305004495a9","hash":"3347454728dcffad55abbce8f498eb16d260784e"}
,"/Users/muhammadamaarkhatani/Desktop/COSC4353-PROJECT-volunteer-A#4/routes/match.js": {"path":"/Users/muhammadamaarkhatani/Desktop/COSC4353-PROJECT-volunteer-A#4/routes/match.js","statementMap":{"0":{"start":{"line":2,"column":16},"end":{"line":2,"column":34}},"1":{"start":{"line":3,"column":15},"end":{"line":3,"column":31}},"2":{"start":{"line":6,"column":19},"end":{"line":9,"column":1}},"3":{"start":{"line":12,"column":15},"end":{"line":15,"column":1}},"4":{"start":{"line":18,"column":0},"end":{"line":34,"column":3}},"5":{"start":{"line":19,"column":18},"end":{"line":19,"column":20}},"6":{"start":{"line":21,"column":2},"end":{"line":31,"column":5}},"7":{"start":{"line":22,"column":30},"end":{"line":25,"column":5}},"8":{"start":{"line":23,"column":6},"end":{"line":24,"column":43}},"9":{"start":{"line":23,"column":37},"end":{"line":23,"column":73}},"10":{"start":{"line":27,"column":4},"end":{"line":30,"column":7}},"11":{"start":{"line":33,"column":2},"end":{"line":33,"column":20}},"12":{"start":{"line":36,"column":0},"end":{"line":36,"column":24}}},"fnMap":{"0":{"name":"(anonymous_0)","decl":{"start":{"line":18,"column":16},"end":{"line":18,"column":17}},"loc":{"start":{"line":18,"column":30},"end":{"line":34,"column":1}},"line":18},"1":{"name":"(anonymous_1)","decl":{"start":{"line":21,"column":17},"end":{"line":21,"column":18}},"loc":{"start":{"line":21,"column":26},"end":{"line":31,"column":3}},"line":21},"2":{"name":"(anonymous_2)","decl":{"start":{"line":22,"column":48},"end":{"line":22,"column":49}},"loc":{"start":{"line":23,"column":6},"end":{"line":24,"column":43}},"line":23},"3":{"name":"(anonymous_3)","decl":{"start":{"line":23,"column":28},"end":{"line":23,"column":29}},"loc":{"start":{"line":23,"column":37},"end":{"line":23,"column":73}},"line":23}},"branchMap":{"0":{"loc":{"start":{"line":23,"column":6},"end":{"line":24,"column":43}},"type":"binary-expr","locations":[{"start":{"line":23,"column":6},"end":{"line":23,"column":74}},{"start":{"line":24,"column":6},"end":{"line":24,"column":43}}],"line":23}},"s":{"0":1,"1":1,"2":1,"3":1,"4":1,"5":1,"6":1,"7":2,"8":4,"9":6,"10":2,"11":1,"12":1},"f":{"0":1,"1":2,"2":4,"3":6},"b":{"0":[4,3]},"_coverageSchema":"1a1c01bbd47fc00a2c39e90264f33305004495a9","hash":"dd0bdbec6c5e7802aadb74ada7d581e09021d624"}
,"/Users/muhammadamaarkhatani/Desktop/COSC4353-PROJECT-volunteer-A#4/routes/notifications.js": {"path":"/Users/muhammadamaarkhatani/Desktop/COSC4353-PROJECT-volunteer-A#4/routes/notifications.js","statementMap":{"0":{"start":{"line":2,"column":16},"end":{"line":2,"column":34}},"1":{"start":{"line":3,"column":11},"end":{"line":3,"column":24}},"2":{"start":{"line":4,"column":13},"end":{"line":4,"column":28}},"3":{"start":{"line":5,"column":23},"end":{"line":5,"column":40}},"4":{"start":{"line":7,"column":15},"end":{"line":7,"column":31}},"5":{"start":{"line":9,"column":16},"end":{"line":9,"column":50}},"6":{"start":{"line":10,"column":26},"end":{"line":10,"column":66}},"7":{"start":{"line":13,"column":2},"end":{"line":13,"column":53}},"8":{"start":{"line":13,"column":31},"end":{"line":13,"column":53}},"9":{"start":{"line":14,"column":2},"end":{"line":14,"column":83}},"10":{"start":{"line":14,"column":41},"end":{"line":14,"column":83}},"11":{"start":{"line":17,"column":2},"end":{"line":17,"column":16}},"12":{"start":{"line":18,"column":14},"end":{"line":18,"column":64}},"13":{"start":{"line":19,"column":2},"end":{"line":19,"column":25}},"14":{"start":{"line":22,"column":2},"end":{"line":22,"column":69}},"15":{"start":{"line":25,"column":2},"end":{"line":32,"column":4}},"16":{"start":{"line":26,"column":4},"end":{"line":30,"column":5}},"17":{"start":{"line":27,"column":6},"end":{"line":29,"column":7}},"18":{"start":{"line":28,"column":8},"end":{"line":28,"column":79}},"19":{"start":{"line":31,"column":4},"end":{"line":31,"column":11}},"20":{"start":{"line":35,"column":0},"end":{"line":50,"column":3}},"21":{"start":{"line":36,"column":52},"end":{"line":36,"column":60}},"22":{"start":{"line":37,"column":15},"end":{"line":37,"column":24}},"23":{"start":{"line":38,"column":16},"end":{"line":46,"column":3}},"24":{"start":{"line":47,"column":2},"end":{"line":47,"column":19}},"25":{"start":{"line":48,"column":2},"end":{"line":48,"column":17}},"26":{"start":{"line":49,"column":2},"end":{"line":49,"column":30}},"27":{"start":{"line":52,"column":0},"end":{"line":59,"column":3}},"28":{"start":{"line":53,"column":33},"end":{"line":53,"column":42}},"29":{"start":{"line":54,"column":2},"end":{"line":54,"column":76}},"30":{"start":{"line":54,"column":15},"end":{"line":54,"column":76}},"31":{"start":{"line":55,"column":12},"end":{"line":55,"column":54}},"32":{"start":{"line":55,"column":34},"end":{"line":55,"column":53}},"33":{"start":{"line":56,"column":2},"end":{"line":56,"column":68}},"34":{"start":{"line":56,"column":37},"end":{"line":56,"column":68}},"35":{"start":{"line":56,"column":59},"end":{"line":56,"column":66}},"36":{"start":{"line":57,"column":2},"end":{"line":57,"column":68}},"37":{"start":{"line":57,"column":21},"end":{"line":57,"column":66}},"38":{"start":{"line":58,"column":2},"end":{"line":58,"column":16}},"39":{"start":{"line":61,"column":0},"end":{"line":69,"column":3}},"40":{"start":{"line":62,"column":17},"end":{"line":62,"column":27}},"41":{"start":{"line":63,"column":15},"end":{"line":63,"column":24}},"42":{"start":{"line":64,"column":14},"end":{"line":64,"column":46}},"43":{"start":{"line":64,"column":34},"end":{"line":64,"column":45}},"44":{"start":{"line":65,"column":2},"end":{"line":65,"column":70}},"45":{"start":{"line":65,"column":18},"end":{"line":65,"column":70}},"46":{"start":{"line":66,"column":2},"end":{"line":66,"column":24}},"47":{"start":{"line":67,"column":2},"end":{"line":67,"column":17}},"48":{"start":{"line":68,"column":2},"end":{"line":68,"column":22}},"49":{"start":{"line":71,"column":0},"end":{"line":79,"column":3}},"50":{"start":{"line":72,"column":17},"end":{"line":72,"column":27}},"51":{"start":{"line":73,"column":15},"end":{"line":73,"column":24}},"52":{"start":{"line":74,"column":14},"end":{"line":74,"column":46}},"53":{"start":{"line":74,"column":34},"end":{"line":74,"column":45}},"54":{"start":{"line":75,"column":2},"end":{"line":75,"column":70}},"55":{"start":{"line":75,"column":18},"end":{"line":75,"column":70}},"56":{"start":{"line":76,"column":18},"end":{"line":76,"column":40}},"57":{"start":{"line":77,"column":2},"end":{"line":77,"column":17}},"58":{"start":{"line":78,"column":2},"end":{"line":78,"column":20}},"59":{"start":{"line":81,"column":0},"end":{"line":81,"column":24}}},"fnMap":{"0":{"name":"ensureStore","decl":{"start":{"line":12,"column":9},"end":{"line":12,"column":20}},"loc":{"start":{"line":12,"column":23},"end":{"line":15,"column":1}},"line":12},"1":{"name":"readAll","decl":{"start":{"line":16,"column":9},"end":{"line":16,"column":16}},"loc":{"start":{"line":16,"column":19},"end":{"line":20,"column":1}},"line":16},"2":{"name":"writeAll","decl":{"start":{"line":21,"column":9},"end":{"line":21,"column":17}},"loc":{"start":{"line":21,"column":24},"end":{"line":23,"column":1}},"line":21},"3":{"name":"requireFields","decl":{"start":{"line":24,"column":9},"end":{"line":24,"column":22}},"loc":{"start":{"line":24,"column":31},"end":{"line":33,"column":1}},"line":24},"4":{"name":"(anonymous_4)","decl":{"start":{"line":25,"column":9},"end":{"line":25,"column":10}},"loc":{"start":{"line":25,"column":29},"end":{"line":32,"column":3}},"line":25},"5":{"name":"(anonymous_5)","decl":{"start":{"line":35,"column":63},"end":{"line":35,"column":64}},"loc":{"start":{"line":35,"column":77},"end":{"line":50,"column":1}},"line":35},"6":{"name":"(anonymous_6)","decl":{"start":{"line":52,"column":16},"end":{"line":52,"column":17}},"loc":{"start":{"line":52,"column":30},"end":{"line":59,"column":1}},"line":52},"7":{"name":"(anonymous_7)","decl":{"start":{"line":55,"column":29},"end":{"line":55,"column":30}},"loc":{"start":{"line":55,"column":34},"end":{"line":55,"column":53}},"line":55},"8":{"name":"(anonymous_8)","decl":{"start":{"line":56,"column":54},"end":{"line":56,"column":55}},"loc":{"start":{"line":56,"column":59},"end":{"line":56,"column":66}},"line":56},"9":{"name":"(anonymous_9)","decl":{"start":{"line":57,"column":11},"end":{"line":57,"column":12}},"loc":{"start":{"line":57,"column":21},"end":{"line":57,"column":66}},"line":57},"10":{"name":"(anonymous_10)","decl":{"start":{"line":61,"column":26},"end":{"line":61,"column":27}},"loc":{"start":{"line":61,"column":40},"end":{"line":69,"column":1}},"line":61},"11":{"name":"(anonymous_11)","decl":{"start":{"line":64,"column":29},"end":{"line":64,"column":30}},"loc":{"start":{"line":64,"column":34},"end":{"line":64,"column":45}},"line":64},"12":{"name":"(anonymous_12)","decl":{"start":{"line":71,"column":22},"end":{"line":71,"column":23}},"loc":{"start":{"line":71,"column":36},"end":{"line":79,"column":1}},"line":71},"13":{"name":"(anonymous_13)","decl":{"start":{"line":74,"column":29},"end":{"line":74,"column":30}},"loc":{"start":{"line":74,"column":34},"end":{"line":74,"column":45}},"line":74}},"branchMap":{"0":{"loc":{"start":{"line":13,"column":2},"end":{"line":13,"column":53}},"type":"if","locations":[{"start":{"line":13,"column":2},"end":{"line":13,"column":53}},{"start":{},"end":{}}],"line":13},"1":{"loc":{"start":{"line":14,"column":2},"end":{"line":14,"column":83}},"type":"if","locations":[{"start":{"line":14,"column":2},"end":{"line":14,"column":83}},{"start":{},"end":{}}],"line":14},"2":{"loc":{"start":{"line":18,"column":14},"end":{"line":18,"column":64}},"type":"binary-expr","locations":[{"start":{"line":18,"column":14},"end":{"line":18,"column":56}},{"start":{"line":18,"column":60},"end":{"line":18,"column":64}}],"line":18},"3":{"loc":{"start":{"line":27,"column":6},"end":{"line":29,"column":7}},"type":"if","locations":[{"start":{"line":27,"column":6},"end":{"line":29,"column":7}},{"start":{},"end":{}}],"line":27},"4":{"loc":{"start":{"line":27,"column":10},"end":{"line":27,"column":81}},"type":"binary-expr","locations":[{"start":{"line":27,"column":10},"end":{"line":27,"column":35}},{"start":{"line":27,"column":39},"end":{"line":27,"column":59}},{"start":{"line":27,"column":63},"end":{"line":27,"column":81}}],"line":27},"5":{"loc":{"start":{"line":43,"column":20},"end":{"line":43,"column":42}},"type":"binary-expr","locations":[{"start":{"line":43,"column":20},"end":{"line":43,"column":34}},{"start":{"line":43,"column":38},"end":{"line":43,"column":42}}],"line":43},"6":{"loc":{"start":{"line":54,"column":2},"end":{"line":54,"column":76}},"type":"if","locations":[{"start":{"line":54,"column":2},"end":{"line":54,"column":76}},{"start":{},"end":{}}],"line":54},"7":{"loc":{"start":{"line":56,"column":2},"end":{"line":56,"column":68}},"type":"if","locations":[{"start":{"line":56,"column":2},"end":{"line":56,"column":68}},{"start":{},"end":{}}],"line":56},"8":{"loc":{"start":{"line":65,"column":2},"end":{"line":65,"column":70}},"type":"if","locations":[{"start":{"line":65,"column":2},"end":{"line":65,"column":70}},{"start":{},"end":{}}],"line":65},"9":{"loc":{"start":{"line":75,"column":2},"end":{"line":75,"column":70}},"type":"if","locations":[{"start":{"line":75,"column":2},"end":{"line":75,"column":70}},{"start":{},"end":{}}],"line":75}},"s":{"0":1,"1":1,"2":1,"3":1,"4":1,"5":1,"6":1,"7":15,"8":0,"9":15,"10":5,"11":15,"12":15,"13":15,"14":11,"15":1,"16":9,"17":25,"18":1,"19":8,"20":1,"21":8,"22":8,"23":8,"24":8,"25":8,"26":8,"27":1,"28":4,"29":4,"30":1,"31":3,"32":5,"33":3,"34":1,"35":2,"36":3,"37":1,"38":3,"39":1,"40":3,"41":3,"42":3,"43":4,"44":3,"45":1,"46":2,"47":2,"48":2,"49":1,"50":1,"51":1,"52":1,"53":1,"54":1,"55":0,"56":1,"57":1,"58":1,"59":1},"f":{"0":15,"1":15,"2":11,"3":1,"4":9,"5":8,"6":4,"7":5,"8":2,"9":1,"10":3,"11":4,"12":1,"13":1},"b":{"0":[0,15],"1":[5,10],"2":[15,0],"3":[1,24],"4":[25,25,25],"5":[8,7],"6":[1,3],"7":[1,2],"8":[1,2],"9":[0,1]},"_coverageSchema":"1a1c01bbd47fc00a2c39e90264f33305004495a9","hash":"92c344b8e2bd42be7122c3007e7dfce8b1a8299a"}
,"/Users/muhammadamaarkhatani/Desktop/COSC4353-PROJECT-volunteer-A#4/routes/profile.js": {"path":"/Users/muhammadamaarkhatani/Desktop/COSC4353-PROJECT-volunteer-A#4/routes/profile.js","statementMap":{"0":{"start":{"line":2,"column":16},"end":{"line":2,"column":34}},"1":{"start":{"line":3,"column":20},"end":{"line":3,"column":52}},"2":{"start":{"line":4,"column":15},"end":{"line":4,"column":31}},"3":{"start":{"line":7,"column":0},"end":{"line":10,"column":3}},"4":{"start":{"line":8,"column":14},"end":{"line":8,"column":47}},"5":{"start":{"line":9,"column":2},"end":{"line":9,"column":16}},"6":{"start":{"line":12,"column":0},"end":{"line":17,"column":3}},"7":{"start":{"line":13,"column":16},"end":{"line":13,"column":60}},"8":{"start":{"line":14,"column":12},"end":{"line":14,"column":66}},"9":{"start":{"line":15,"column":2},"end":{"line":15,"column":70}},"10":{"start":{"line":15,"column":10},"end":{"line":15,"column":70}},"11":{"start":{"line":16,"column":2},"end":{"line":16,"column":14}},"12":{"start":{"line":19,"column":0},"end":{"line":28,"column":3}},"13":{"start":{"line":20,"column":2},"end":{"line":27,"column":3}},"14":{"start":{"line":21,"column":14},"end":{"line":21,"column":39}},"15":{"start":{"line":22,"column":4},"end":{"line":22,"column":23}},"16":{"start":{"line":23,"column":4},"end":{"line":23,"column":19}},"17":{"start":{"line":24,"column":4},"end":{"line":24,"column":28}},"18":{"start":{"line":26,"column":4},"end":{"line":26,"column":47}},"19":{"start":{"line":30,"column":0},"end":{"line":43,"column":3}},"20":{"start":{"line":31,"column":2},"end":{"line":42,"column":3}},"21":{"start":{"line":32,"column":18},"end":{"line":32,"column":62}},"22":{"start":{"line":33,"column":14},"end":{"line":37,"column":12}},"23":{"start":{"line":38,"column":4},"end":{"line":38,"column":72}},"24":{"start":{"line":38,"column":12},"end":{"line":38,"column":72}},"25":{"start":{"line":39,"column":4},"end":{"line":39,"column":16}},"26":{"start":{"line":41,"column":4},"end":{"line":41,"column":47}},"27":{"start":{"line":46,"column":15},"end":{"line":64,"column":1}},"28":{"start":{"line":66,"column":15},"end":{"line":68,"column":1}},"29":{"start":{"line":71,"column":13},"end":{"line":74,"column":1}},"30":{"start":{"line":76,"column":23},"end":{"line":76,"column":41}},"31":{"start":{"line":77,"column":29},"end":{"line":77,"column":48}},"32":{"start":{"line":79,"column":19},"end":{"line":116,"column":1}},"33":{"start":{"line":80,"column":21},"end":{"line":80,"column":53}},"34":{"start":{"line":81,"column":16},"end":{"line":81,"column":30}},"35":{"start":{"line":82,"column":16},"end":{"line":82,"column":30}},"36":{"start":{"line":84,"column":18},"end":{"line":84,"column":29}},"37":{"start":{"line":85,"column":4},"end":{"line":85,"column":54}},"38":{"start":{"line":85,"column":27},"end":{"line":85,"column":44}},"39":{"start":{"line":88,"column":18},"end":{"line":88,"column":29}},"40":{"start":{"line":89,"column":16},"end":{"line":89,"column":55}},"41":{"start":{"line":89,"column":37},"end":{"line":89,"column":54}},"42":{"start":{"line":90,"column":4},"end":{"line":90,"column":33}},"43":{"start":{"line":90,"column":20},"end":{"line":90,"column":33}},"44":{"start":{"line":91,"column":4},"end":{"line":91,"column":33}},"45":{"start":{"line":92,"column":4},"end":{"line":92,"column":39}},"46":{"start":{"line":93,"column":4},"end":{"line":93,"column":22}},"47":{"start":{"line":94,"column":4},"end":{"line":94,"column":16}},"48":{"start":{"line":97,"column":18},"end":{"line":97,"column":29}},"49":{"start":{"line":98,"column":16},"end":{"line":98,"column":55}},"50":{"start":{"line":98,"column":37},"end":{"line":98,"column":54}},"51":{"start":{"line":99,"column":4},"end":{"line":99,"column":30}},"52":{"start":{"line":99,"column":20},"end":{"line":99,"column":30}},"53":{"start":{"line":100,"column":4},"end":{"line":100,"column":50}},"54":{"start":{"line":101,"column":4},"end":{"line":101,"column":76}},"55":{"start":{"line":102,"column":4},"end":{"line":102,"column":100}},"56":{"start":{"line":102,"column":57},"end":{"line":102,"column":100}},"57":{"start":{"line":103,"column":4},"end":{"line":103,"column":22}},"58":{"start":{"line":104,"column":4},"end":{"line":104,"column":48}},"59":{"start":{"line":107,"column":18},"end":{"line":107,"column":29}},"60":{"start":{"line":108,"column":16},"end":{"line":108,"column":55}},"61":{"start":{"line":108,"column":37},"end":{"line":108,"column":54}},"62":{"start":{"line":109,"column":4},"end":{"line":109,"column":30}},"63":{"start":{"line":109,"column":20},"end":{"line":109,"column":30}},"64":{"start":{"line":110,"column":4},"end":{"line":110,"column":50}},"65":{"start":{"line":111,"column":4},"end":{"line":111,"column":76}},"66":{"start":{"line":112,"column":4},"end":{"line":112,"column":94}},"67":{"start":{"line":112,"column":82},"end":{"line":112,"column":92}},"68":{"start":{"line":113,"column":4},"end":{"line":113,"column":22}},"69":{"start":{"line":114,"column":4},"end":{"line":114,"column":48}},"70":{"start":{"line":118,"column":0},"end":{"line":118,"column":40}}},"fnMap":{"0":{"name":"(anonymous_0)","decl":{"start":{"line":7,"column":16},"end":{"line":7,"column":17}},"loc":{"start":{"line":7,"column":37},"end":{"line":10,"column":1}},"line":7},"1":{"name":"(anonymous_1)","decl":{"start":{"line":12,"column":22},"end":{"line":12,"column":23}},"loc":{"start":{"line":12,"column":42},"end":{"line":17,"column":1}},"line":12},"2":{"name":"(anonymous_2)","decl":{"start":{"line":19,"column":17},"end":{"line":19,"column":18}},"loc":{"start":{"line":19,"column":37},"end":{"line":28,"column":1}},"line":19},"3":{"name":"(anonymous_3)","decl":{"start":{"line":30,"column":24},"end":{"line":30,"column":25}},"loc":{"start":{"line":30,"column":44},"end":{"line":43,"column":1}},"line":30},"4":{"name":"_getUsers","decl":{"start":{"line":76,"column":9},"end":{"line":76,"column":18}},"loc":{"start":{"line":76,"column":21},"end":{"line":76,"column":43}},"line":76},"5":{"name":"_saveUsers","decl":{"start":{"line":77,"column":9},"end":{"line":77,"column":19}},"loc":{"start":{"line":77,"column":27},"end":{"line":77,"column":50}},"line":77},"6":{"name":"(anonymous_6)","decl":{"start":{"line":80,"column":2},"end":{"line":80,"column":3}},"loc":{"start":{"line":80,"column":19},"end":{"line":80,"column":55}},"line":80},"7":{"name":"(anonymous_7)","decl":{"start":{"line":81,"column":2},"end":{"line":81,"column":3}},"loc":{"start":{"line":81,"column":14},"end":{"line":81,"column":32}},"line":81},"8":{"name":"(anonymous_8)","decl":{"start":{"line":82,"column":2},"end":{"line":82,"column":3}},"loc":{"start":{"line":82,"column":14},"end":{"line":82,"column":32}},"line":82},"9":{"name":"(anonymous_9)","decl":{"start":{"line":83,"column":2},"end":{"line":83,"column":3}},"loc":{"start":{"line":83,"column":24},"end":{"line":86,"column":3}},"line":83},"10":{"name":"(anonymous_10)","decl":{"start":{"line":85,"column":22},"end":{"line":85,"column":23}},"loc":{"start":{"line":85,"column":27},"end":{"line":85,"column":44}},"line":85},"11":{"name":"(anonymous_11)","decl":{"start":{"line":87,"column":2},"end":{"line":87,"column":3}},"loc":{"start":{"line":87,"column":36},"end":{"line":95,"column":3}},"line":87},"12":{"name":"(anonymous_12)","decl":{"start":{"line":89,"column":32},"end":{"line":89,"column":33}},"loc":{"start":{"line":89,"column":37},"end":{"line":89,"column":54}},"line":89},"13":{"name":"(anonymous_13)","decl":{"start":{"line":96,"column":2},"end":{"line":96,"column":3}},"loc":{"start":{"line":96,"column":31},"end":{"line":105,"column":3}},"line":96},"14":{"name":"(anonymous_14)","decl":{"start":{"line":98,"column":32},"end":{"line":98,"column":33}},"loc":{"start":{"line":98,"column":37},"end":{"line":98,"column":54}},"line":98},"15":{"name":"(anonymous_15)","decl":{"start":{"line":106,"column":2},"end":{"line":106,"column":3}},"loc":{"start":{"line":106,"column":34},"end":{"line":115,"column":3}},"line":106},"16":{"name":"(anonymous_16)","decl":{"start":{"line":108,"column":32},"end":{"line":108,"column":33}},"loc":{"start":{"line":108,"column":37},"end":{"line":108,"column":54}},"line":108},"17":{"name":"(anonymous_17)","decl":{"start":{"line":112,"column":77},"end":{"line":112,"column":78}},"loc":{"start":{"line":112,"column":82},"end":{"line":112,"column":92}},"line":112}},"branchMap":{"0":{"loc":{"start":{"line":13,"column":23},"end":{"line":13,"column":45}},"type":"binary-expr","locations":[{"start":{"line":13,"column":23},"end":{"line":13,"column":39}},{"start":{"line":13,"column":43},"end":{"line":13,"column":45}}],"line":13},"1":{"loc":{"start":{"line":15,"column":2},"end":{"line":15,"column":70}},"type":"if","locations":[{"start":{"line":15,"column":2},"end":{"line":15,"column":70}},{"start":{},"end":{}}],"line":15},"2":{"loc":{"start":{"line":32,"column":25},"end":{"line":32,"column":47}},"type":"binary-expr","locations":[{"start":{"line":32,"column":25},"end":{"line":32,"column":41}},{"start":{"line":32,"column":45},"end":{"line":32,"column":47}}],"line":32},"3":{"loc":{"start":{"line":38,"column":4},"end":{"line":38,"column":72}},"type":"if","locations":[{"start":{"line":38,"column":4},"end":{"line":38,"column":72}},{"start":{},"end":{}}],"line":38},"4":{"loc":{"start":{"line":80,"column":28},"end":{"line":80,"column":52}},"type":"binary-expr","locations":[{"start":{"line":80,"column":28},"end":{"line":80,"column":44}},{"start":{"line":80,"column":48},"end":{"line":80,"column":52}}],"line":80},"5":{"loc":{"start":{"line":85,"column":11},"end":{"line":85,"column":53}},"type":"binary-expr","locations":[{"start":{"line":85,"column":11},"end":{"line":85,"column":45}},{"start":{"line":85,"column":49},"end":{"line":85,"column":53}}],"line":85},"6":{"loc":{"start":{"line":90,"column":4},"end":{"line":90,"column":33}},"type":"if","locations":[{"start":{"line":90,"column":4},"end":{"line":90,"column":33}},{"start":{},"end":{}}],"line":90},"7":{"loc":{"start":{"line":99,"column":4},"end":{"line":99,"column":30}},"type":"if","locations":[{"start":{"line":99,"column":4},"end":{"line":99,"column":30}},{"start":{},"end":{}}],"line":99},"8":{"loc":{"start":{"line":100,"column":25},"end":{"line":100,"column":49}},"type":"binary-expr","locations":[{"start":{"line":100,"column":25},"end":{"line":100,"column":43}},{"start":{"line":100,"column":47},"end":{"line":100,"column":49}}],"line":100},"9":{"loc":{"start":{"line":101,"column":38},"end":{"line":101,"column":75}},"type":"binary-expr","locations":[{"start":{"line":101,"column":38},"end":{"line":101,"column":69}},{"start":{"line":101,"column":73},"end":{"line":101,"column":75}}],"line":101},"10":{"loc":{"start":{"line":102,"column":4},"end":{"line":102,"column":100}},"type":"if","locations":[{"start":{"line":102,"column":4},"end":{"line":102,"column":100}},{"start":{},"end":{}}],"line":102},"11":{"loc":{"start":{"line":109,"column":4},"end":{"line":109,"column":30}},"type":"if","locations":[{"start":{"line":109,"column":4},"end":{"line":109,"column":30}},{"start":{},"end":{}}],"line":109},"12":{"loc":{"start":{"line":110,"column":25},"end":{"line":110,"column":49}},"type":"binary-expr","locations":[{"start":{"line":110,"column":25},"end":{"line":110,"column":43}},{"start":{"line":110,"column":47},"end":{"line":110,"column":49}}],"line":110},"13":{"loc":{"start":{"line":111,"column":38},"end":{"line":111,"column":75}},"type":"binary-expr","locations":[{"start":{"line":111,"column":38},"end":{"line":111,"column":69}},{"start":{"line":111,"column":73},"end":{"line":111,"column":75}}],"line":111}},"s":{"0":1,"1":1,"2":1,"3":1,"4":0,"5":0,"6":1,"7":0,"8":0,"9":0,"10":0,"11":0,"12":1,"13":0,"14":0,"15":0,"16":0,"17":0,"18":0,"19":1,"20":0,"21":0,"22":0,"23":0,"24":0,"25":0,"26":0,"27":1,"28":1,"29":1,"30":8,"31":4,"32":1,"33":1,"34":1,"35":1,"36":3,"37":3,"38":3,"39":2,"40":2,"41":2,"42":2,"43":1,"44":1,"45":1,"46":1,"47":1,"48":2,"49":2,"50":2,"51":2,"52":0,"53":2,"54":2,"55":2,"56":1,"57":2,"58":2,"59":1,"60":1,"61":1,"62":1,"63":0,"64":1,"65":1,"66":1,"67":1,"68":1,"69":1,"70":1},"f":{"0":0,"1":0,"2":0,"3":0,"4":8,"5":4,"6":1,"7":1,"8":1,"9":3,"10":3,"11":2,"12":2,"13":2,"14":2,"15":1,"16":1,"17":1},"b":{"0":[0,0],"1":[0,0],"2":[0,0],"3":[0,0],"4":[1,0],"5":[3,1],"6":[1,1],"7":[0,2],"8":[2,0],"9":[2,0],"10":[1,1],"11":[0,1],"12":[1,0],"13":[1,0]},"_coverageSchema":"1a1c01bbd47fc00a2c39e90264f33305004495a9","hash":"5c8ac8952a386cdd00a977505f2051e2e2695049"}
,"/Users/muhammadamaarkhatani/Desktop/COSC4353-PROJECT-volunteer-A#4/routes/volunteerHistory.js": {"path":"/Users/muhammadamaarkhatani/Desktop/COSC4353-PROJECT-volunteer-A#4/routes/volunteerHistory.js","statementMap":{"0":{"start":{"line":2,"column":16},"end":{"line":2,"column":34}},"1":{"start":{"line":3,"column":11},"end":{"line":3,"column":24}},"2":{"start":{"line":4,"column":13},"end":{"line":4,"column":28}},"3":{"start":{"line":5,"column":23},"end":{"line":5,"column":40}},"4":{"start":{"line":7,"column":15},"end":{"line":7,"column":31}},"5":{"start":{"line":9,"column":16},"end":{"line":9,"column":50}},"6":{"start":{"line":10,"column":18},"end":{"line":10,"column":61}},"7":{"start":{"line":13,"column":2},"end":{"line":13,"column":74}},"8":{"start":{"line":13,"column":31},"end":{"line":13,"column":74}},"9":{"start":{"line":14,"column":2},"end":{"line":14,"column":67}},"10":{"start":{"line":14,"column":33},"end":{"line":14,"column":67}},"11":{"start":{"line":17,"column":2},"end":{"line":17,"column":16}},"12":{"start":{"line":18,"column":14},"end":{"line":18,"column":56}},"13":{"start":{"line":19,"column":2},"end":{"line":19,"column":25}},"14":{"start":{"line":22,"column":2},"end":{"line":22,"column":61}},"15":{"start":{"line":25,"column":2},"end":{"line":32,"column":4}},"16":{"start":{"line":26,"column":4},"end":{"line":30,"column":5}},"17":{"start":{"line":27,"column":6},"end":{"line":29,"column":7}},"18":{"start":{"line":28,"column":8},"end":{"line":28,"column":79}},"19":{"start":{"line":31,"column":4},"end":{"line":31,"column":11}},"20":{"start":{"line":35,"column":0},"end":{"line":56,"column":3}},"21":{"start":{"line":36,"column":70},"end":{"line":36,"column":78}},"22":{"start":{"line":37,"column":2},"end":{"line":39,"column":3}},"23":{"start":{"line":38,"column":4},"end":{"line":38,"column":82}},"24":{"start":{"line":40,"column":15},"end":{"line":40,"column":24}},"25":{"start":{"line":41,"column":14},"end":{"line":41,"column":38}},"26":{"start":{"line":42,"column":14},"end":{"line":52,"column":3}},"27":{"start":{"line":53,"column":2},"end":{"line":53,"column":17}},"28":{"start":{"line":54,"column":2},"end":{"line":54,"column":17}},"29":{"start":{"line":55,"column":2},"end":{"line":55,"column":28}},"30":{"start":{"line":58,"column":0},"end":{"line":65,"column":3}},"31":{"start":{"line":59,"column":30},"end":{"line":59,"column":39}},"32":{"start":{"line":60,"column":2},"end":{"line":60,"column":76}},"33":{"start":{"line":60,"column":15},"end":{"line":60,"column":76}},"34":{"start":{"line":61,"column":12},"end":{"line":61,"column":54}},"35":{"start":{"line":61,"column":34},"end":{"line":61,"column":53}},"36":{"start":{"line":62,"column":2},"end":{"line":62,"column":60}},"37":{"start":{"line":62,"column":15},"end":{"line":62,"column":60}},"38":{"start":{"line":62,"column":37},"end":{"line":62,"column":58}},"39":{"start":{"line":63,"column":2},"end":{"line":63,"column":84}},"40":{"start":{"line":63,"column":21},"end":{"line":63,"column":82}},"41":{"start":{"line":64,"column":2},"end":{"line":64,"column":16}},"42":{"start":{"line":67,"column":0},"end":{"line":82,"column":3}},"43":{"start":{"line":68,"column":17},"end":{"line":68,"column":27}},"44":{"start":{"line":69,"column":16},"end":{"line":69,"column":64}},"45":{"start":{"line":70,"column":18},"end":{"line":72,"column":3}},"46":{"start":{"line":71,"column":48},"end":{"line":71,"column":84}},"47":{"start":{"line":73,"column":2},"end":{"line":75,"column":3}},"48":{"start":{"line":74,"column":4},"end":{"line":74,"column":82}},"49":{"start":{"line":76,"column":15},"end":{"line":76,"column":24}},"50":{"start":{"line":77,"column":14},"end":{"line":77,"column":46}},"51":{"start":{"line":77,"column":34},"end":{"line":77,"column":45}},"52":{"start":{"line":78,"column":2},"end":{"line":78,"column":70}},"53":{"start":{"line":78,"column":18},"end":{"line":78,"column":70}},"54":{"start":{"line":79,"column":2},"end":{"line":79,"column":80}},"55":{"start":{"line":80,"column":2},"end":{"line":80,"column":17}},"56":{"start":{"line":81,"column":2},"end":{"line":81,"column":22}},"57":{"start":{"line":84,"column":0},"end":{"line":92,"column":3}},"58":{"start":{"line":85,"column":17},"end":{"line":85,"column":27}},"59":{"start":{"line":86,"column":15},"end":{"line":86,"column":24}},"60":{"start":{"line":87,"column":14},"end":{"line":87,"column":46}},"61":{"start":{"line":87,"column":34},"end":{"line":87,"column":45}},"62":{"start":{"line":88,"column":2},"end":{"line":88,"column":70}},"63":{"start":{"line":88,"column":18},"end":{"line":88,"column":70}},"64":{"start":{"line":89,"column":18},"end":{"line":89,"column":40}},"65":{"start":{"line":90,"column":2},"end":{"line":90,"column":17}},"66":{"start":{"line":91,"column":2},"end":{"line":91,"column":20}},"67":{"start":{"line":94,"column":0},"end":{"line":94,"column":24}}},"fnMap":{"0":{"name":"ensureStore","decl":{"start":{"line":12,"column":9},"end":{"line":12,"column":20}},"loc":{"start":{"line":12,"column":23},"end":{"line":15,"column":1}},"line":12},"1":{"name":"readAll","decl":{"start":{"line":16,"column":9},"end":{"line":16,"column":16}},"loc":{"start":{"line":16,"column":19},"end":{"line":20,"column":1}},"line":16},"2":{"name":"writeAll","decl":{"start":{"line":21,"column":9},"end":{"line":21,"column":17}},"loc":{"start":{"line":21,"column":24},"end":{"line":23,"column":1}},"line":21},"3":{"name":"requireFields","decl":{"start":{"line":24,"column":9},"end":{"line":24,"column":22}},"loc":{"start":{"line":24,"column":31},"end":{"line":33,"column":1}},"line":24},"4":{"name":"(anonymous_4)","decl":{"start":{"line":25,"column":9},"end":{"line":25,"column":10}},"loc":{"start":{"line":25,"column":29},"end":{"line":32,"column":3}},"line":25},"5":{"name":"(anonymous_5)","decl":{"start":{"line":35,"column":55},"end":{"line":35,"column":56}},"loc":{"start":{"line":35,"column":69},"end":{"line":56,"column":1}},"line":35},"6":{"name":"(anonymous_6)","decl":{"start":{"line":58,"column":16},"end":{"line":58,"column":17}},"loc":{"start":{"line":58,"column":30},"end":{"line":65,"column":1}},"line":58},"7":{"name":"(anonymous_7)","decl":{"start":{"line":61,"column":29},"end":{"line":61,"column":30}},"loc":{"start":{"line":61,"column":34},"end":{"line":61,"column":53}},"line":61},"8":{"name":"(anonymous_8)","decl":{"start":{"line":62,"column":32},"end":{"line":62,"column":33}},"loc":{"start":{"line":62,"column":37},"end":{"line":62,"column":58}},"line":62},"9":{"name":"(anonymous_9)","decl":{"start":{"line":63,"column":11},"end":{"line":63,"column":12}},"loc":{"start":{"line":63,"column":21},"end":{"line":63,"column":82}},"line":63},"10":{"name":"(anonymous_10)","decl":{"start":{"line":67,"column":21},"end":{"line":67,"column":22}},"loc":{"start":{"line":67,"column":35},"end":{"line":82,"column":1}},"line":67},"11":{"name":"(anonymous_11)","decl":{"start":{"line":71,"column":36},"end":{"line":71,"column":37}},"loc":{"start":{"line":71,"column":48},"end":{"line":71,"column":84}},"line":71},"12":{"name":"(anonymous_12)","decl":{"start":{"line":77,"column":29},"end":{"line":77,"column":30}},"loc":{"start":{"line":77,"column":34},"end":{"line":77,"column":45}},"line":77},"13":{"name":"(anonymous_13)","decl":{"start":{"line":84,"column":22},"end":{"line":84,"column":23}},"loc":{"start":{"line":84,"column":36},"end":{"line":92,"column":1}},"line":84},"14":{"name":"(anonymous_14)","decl":{"start":{"line":87,"column":29},"end":{"line":87,"column":30}},"loc":{"start":{"line":87,"column":34},"end":{"line":87,"column":45}},"line":87}},"branchMap":{"0":{"loc":{"start":{"line":13,"column":2},"end":{"line":13,"column":74}},"type":"if","locations":[{"start":{"line":13,"column":2},"end":{"line":13,"column":74}},{"start":{},"end":{}}],"line":13},"1":{"loc":{"start":{"line":14,"column":2},"end":{"line":14,"column":67}},"type":"if","locations":[{"start":{"line":14,"column":2},"end":{"line":14,"column":67}},{"start":{},"end":{}}],"line":14},"2":{"loc":{"start":{"line":18,"column":14},"end":{"line":18,"column":56}},"type":"binary-expr","locations":[{"start":{"line":18,"column":14},"end":{"line":18,"column":48}},{"start":{"line":18,"column":52},"end":{"line":18,"column":56}}],"line":18},"3":{"loc":{"start":{"line":27,"column":6},"end":{"line":29,"column":7}},"type":"if","locations":[{"start":{"line":27,"column":6},"end":{"line":29,"column":7}},{"start":{},"end":{}}],"line":27},"4":{"loc":{"start":{"line":27,"column":10},"end":{"line":27,"column":81}},"type":"binary-expr","locations":[{"start":{"line":27,"column":10},"end":{"line":27,"column":35}},{"start":{"line":27,"column":39},"end":{"line":27,"column":59}},{"start":{"line":27,"column":63},"end":{"line":27,"column":81}}],"line":27},"5":{"loc":{"start":{"line":37,"column":2},"end":{"line":39,"column":3}},"type":"if","locations":[{"start":{"line":37,"column":2},"end":{"line":39,"column":3}},{"start":{},"end":{}}],"line":37},"6":{"loc":{"start":{"line":37,"column":6},"end":{"line":37,"column":69}},"type":"binary-expr","locations":[{"start":{"line":37,"column":6},"end":{"line":37,"column":25}},{"start":{"line":37,"column":30},"end":{"line":37,"column":55}},{"start":{"line":37,"column":59},"end":{"line":37,"column":68}}],"line":37},"7":{"loc":{"start":{"line":46,"column":10},"end":{"line":46,"column":22}},"type":"binary-expr","locations":[{"start":{"line":46,"column":10},"end":{"line":46,"column":14}},{"start":{"line":46,"column":18},"end":{"line":46,"column":22}}],"line":46},"8":{"loc":{"start":{"line":47,"column":11},"end":{"line":47,"column":21}},"type":"binary-expr","locations":[{"start":{"line":47,"column":11},"end":{"line":47,"column":16}},{"start":{"line":47,"column":20},"end":{"line":47,"column":21}}],"line":47},"9":{"loc":{"start":{"line":48,"column":12},"end":{"line":48,"column":33}},"type":"binary-expr","locations":[{"start":{"line":48,"column":12},"end":{"line":48,"column":18}},{"start":{"line":48,"column":22},"end":{"line":48,"column":33}}],"line":48},"10":{"loc":{"start":{"line":49,"column":23},"end":{"line":49,"column":47}},"type":"binary-expr","locations":[{"start":{"line":49,"column":23},"end":{"line":49,"column":40}},{"start":{"line":49,"column":44},"end":{"line":49,"column":47}}],"line":49},"11":{"loc":{"start":{"line":60,"column":2},"end":{"line":60,"column":76}},"type":"if","locations":[{"start":{"line":60,"column":2},"end":{"line":60,"column":76}},{"start":{},"end":{}}],"line":60},"12":{"loc":{"start":{"line":62,"column":2},"end":{"line":62,"column":60}},"type":"if","locations":[{"start":{"line":62,"column":2},"end":{"line":62,"column":60}},{"start":{},"end":{}}],"line":62},"13":{"loc":{"start":{"line":71,"column":48},"end":{"line":71,"column":84}},"type":"binary-expr","locations":[{"start":{"line":71,"column":48},"end":{"line":71,"column":65}},{"start":{"line":71,"column":69},"end":{"line":71,"column":84}}],"line":71},"14":{"loc":{"start":{"line":73,"column":2},"end":{"line":75,"column":3}},"type":"if","locations":[{"start":{"line":73,"column":2},"end":{"line":75,"column":3}},{"start":{},"end":{}}],"line":73},"15":{"loc":{"start":{"line":73,"column":6},"end":{"line":73,"column":84}},"type":"binary-expr","locations":[{"start":{"line":73,"column":6},"end":{"line":73,"column":24}},{"start":{"line":73,"column":29},"end":{"line":73,"column":62}},{"start":{"line":73,"column":66},"end":{"line":73,"column":83}}],"line":73},"16":{"loc":{"start":{"line":78,"column":2},"end":{"line":78,"column":70}},"type":"if","locations":[{"start":{"line":78,"column":2},"end":{"line":78,"column":70}},{"start":{},"end":{}}],"line":78},"17":{"loc":{"start":{"line":88,"column":2},"end":{"line":88,"column":70}},"type":"if","locations":[{"start":{"line":88,"column":2},"end":{"line":88,"column":70}},{"start":{},"end":{}}],"line":88}},"s":{"0":1,"1":1,"2":1,"3":1,"4":1,"5":1,"6":1,"7":15,"8":0,"9":15,"10":6,"11":15,"12":15,"13":15,"14":11,"15":1,"16":11,"17":22,"18":1,"19":10,"20":1,"21":10,"22":10,"23":1,"24":9,"25":9,"26":9,"27":9,"28":9,"29":9,"30":1,"31":3,"32":3,"33":0,"34":3,"35":5,"36":3,"37":1,"38":2,"39":3,"40":1,"41":3,"42":1,"43":3,"44":3,"45":3,"46":4,"47":3,"48":1,"49":2,"50":2,"51":1,"52":2,"53":1,"54":1,"55":1,"56":1,"57":1,"58":1,"59":1,"60":1,"61":1,"62":1,"63":0,"64":1,"65":1,"66":1,"67":1},"f":{"0":15,"1":15,"2":11,"3":1,"4":11,"5":10,"6":3,"7":5,"8":2,"9":1,"10":3,"11":4,"12":1,"13":1,"14":1},"b":{"0":[0,15],"1":[6,9],"2":[15,0],"3":[1,21],"4":[22,21,21],"5":[1,9],"6":[10,6,6],"7":[9,4],"8":[9,4],"9":[9,7],"10":[9,7],"11":[0,3],"12":[1,2],"13":[4,4],"14":[1,2],"15":[3,3,3],"16":[1,1],"17":[0,1]},"_coverageSchema":"1a1c01bbd47fc00a2c39e90264f33305004495a9","hash":"50cc5e7e753f505bc3d730014e24d9ce761891b1"}
}
