TN:
SF:db/mongoose.js
FN:4,connect
FN:9,disconnect
FNF:2
FNH:0
FNDA:0,connect
FNDA:0,disconnect
DA:2,1
DA:5,0
DA:6,0
DA:10,0
DA:13,1
LF:5
LH:2
BRDA:5,0,0,0
BRDA:5,0,1,0
BRDA:5,0,2,0
BRF:3
BRH:0
end_of_record
TN:
SF:models/UserProfile.js
FNF:0
FNH:0
DA:1,1
DA:3,1
DA:16,1
DA:17,1
LF:4
LH:4
BRF:0
BRH:0
end_of_record
TN:
SF:routes/auth.js
FN:30,(anonymous_0)
FN:35,(anonymous_1)
FN:42,(anonymous_2)
FN:58,(anonymous_3)
FN:75,(anonymous_4)
FNF:5
FNH:5
FNDA:1,(anonymous_0)
FNDA:3,(anonymous_1)
FNDA:2,(anonymous_2)
FNDA:4,(anonymous_3)
FNDA:9,(anonymous_4)
DA:2,1
DA:3,1
DA:4,1
DA:7,1
DA:10,1
DA:30,1
DA:31,1
DA:35,1
DA:36,3
DA:38,3
DA:39,1
DA:42,2
DA:44,2
DA:45,1
DA:48,1
DA:50,1
DA:58,1
DA:59,4
DA:62,4
DA:63,0
DA:70,4
DA:71,1
DA:75,9
DA:76,3
DA:77,1
DA:81,2
DA:90,2
DA:93,2
DA:100,2
DA:104,1
LF:30
LH:29
BRDA:38,0,0,1
BRDA:38,0,1,2
BRDA:38,1,0,3
BRDA:38,1,1,2
BRDA:44,2,0,1
BRDA:44,2,1,1
BRDA:44,3,0,2
BRDA:44,3,1,2
BRDA:62,4,0,0
BRDA:62,4,1,4
BRDA:62,5,0,4
BRDA:62,5,1,4
BRDA:62,5,2,4
BRDA:70,6,0,1
BRDA:70,6,1,3
BRDA:76,7,0,1
BRDA:76,7,1,2
BRDA:87,8,0,2
BRDA:87,8,1,0
BRF:19
BRH:17
end_of_record
TN:
SF:routes/events.js
FN:28,(anonymous_0)
FN:33,(anonymous_1)
FNF:2
FNH:2
FNDA:1,(anonymous_0)
FNDA:2,(anonymous_1)
DA:2,1
DA:3,1
DA:6,1
DA:28,1
DA:29,1
DA:33,1
DA:34,2
DA:37,2
DA:38,1
DA:41,1
DA:51,1
DA:52,1
DA:55,1
LF:13
LH:13
BRDA:37,0,0,1
BRDA:37,0,1,1
BRDA:37,1,0,2
BRDA:37,1,1,1
BRDA:37,1,2,1
BRDA:46,2,0,1
BRDA:46,2,1,0
BRDA:47,3,0,1
BRDA:47,3,1,0
BRDA:48,4,0,1
BRDA:48,4,1,0
BRF:11
BRH:8
end_of_record
TN:
SF:routes/match.js
FN:18,(anonymous_0)
FN:21,(anonymous_1)
FN:22,(anonymous_2)
FN:23,(anonymous_3)
FNF:4
FNH:4
FNDA:1,(anonymous_0)
FNDA:2,(anonymous_1)
FNDA:4,(anonymous_2)
FNDA:6,(anonymous_3)
DA:2,1
DA:3,1
DA:6,1
DA:12,1
DA:18,1
DA:19,1
DA:21,1
DA:22,2
DA:23,6
DA:27,2
DA:33,1
DA:36,1
LF:12
LH:12
BRDA:23,0,0,4
BRDA:23,0,1,3
BRF:2
BRH:2
end_of_record
TN:
SF:routes/notifications.js
FN:12,ensureStore
FN:16,readAll
FN:21,writeAll
FN:24,requireFields
FN:25,(anonymous_4)
FN:35,(anonymous_5)
FN:52,(anonymous_6)
FN:55,(anonymous_7)
FN:56,(anonymous_8)
FN:57,(anonymous_9)
FN:61,(anonymous_10)
FN:64,(anonymous_11)
FN:71,(anonymous_12)
FN:74,(anonymous_13)
FNF:14
FNH:14
FNDA:15,ensureStore
FNDA:15,readAll
FNDA:11,writeAll
FNDA:1,requireFields
FNDA:9,(anonymous_4)
FNDA:8,(anonymous_5)
FNDA:4,(anonymous_6)
FNDA:5,(anonymous_7)
FNDA:2,(anonymous_8)
FNDA:1,(anonymous_9)
FNDA:3,(anonymous_10)
FNDA:4,(anonymous_11)
FNDA:1,(anonymous_12)
FNDA:1,(anonymous_13)
DA:2,1
DA:3,1
DA:4,1
DA:5,1
DA:7,1
DA:9,1
DA:10,1
DA:13,15
DA:14,15
DA:17,15
DA:18,15
DA:19,15
DA:22,11
DA:25,1
DA:26,9
DA:27,25
DA:28,1
DA:31,8
DA:35,1
DA:36,8
DA:37,8
DA:38,8
DA:47,8
DA:48,8
DA:49,8
DA:52,1
DA:53,4
DA:54,4
DA:55,5
DA:56,3
DA:57,3
DA:58,3
DA:61,1
DA:62,3
DA:63,3
DA:64,4
DA:65,3
DA:66,2
DA:67,2
DA:68,2
DA:71,1
DA:72,1
DA:73,1
DA:74,1
DA:75,1
DA:76,1
DA:77,1
DA:78,1
DA:81,1
LF:49
LH:49
BRDA:13,0,0,0
BRDA:13,0,1,15
BRDA:14,1,0,5
BRDA:14,1,1,10
BRDA:18,2,0,15
BRDA:18,2,1,0
BRDA:27,3,0,1
BRDA:27,3,1,24
BRDA:27,4,0,25
BRDA:27,4,1,25
BRDA:27,4,2,25
BRDA:43,5,0,8
BRDA:43,5,1,7
BRDA:54,6,0,1
BRDA:54,6,1,3
BRDA:56,7,0,1
BRDA:56,7,1,2
BRDA:65,8,0,1
BRDA:65,8,1,2
BRDA:75,9,0,0
BRDA:75,9,1,1
BRF:21
BRH:18
end_of_record
TN:
SF:routes/profile.js
FN:7,(anonymous_0)
FN:12,(anonymous_1)
FN:19,(anonymous_2)
FN:30,(anonymous_3)
FN:76,_getUsers
FN:77,_saveUsers
FN:80,(anonymous_6)
FN:81,(anonymous_7)
FN:82,(anonymous_8)
FN:83,(anonymous_9)
FN:85,(anonymous_10)
FN:87,(anonymous_11)
FN:89,(anonymous_12)
FN:96,(anonymous_13)
FN:98,(anonymous_14)
FN:106,(anonymous_15)
FN:108,(anonymous_16)
FN:112,(anonymous_17)
FNF:18
FNH:14
FNDA:0,(anonymous_0)
FNDA:0,(anonymous_1)
FNDA:0,(anonymous_2)
FNDA:0,(anonymous_3)
FNDA:8,_getUsers
FNDA:4,_saveUsers
FNDA:1,(anonymous_6)
FNDA:1,(anonymous_7)
FNDA:1,(anonymous_8)
FNDA:3,(anonymous_9)
FNDA:3,(anonymous_10)
FNDA:2,(anonymous_11)
FNDA:2,(anonymous_12)
FNDA:2,(anonymous_13)
FNDA:2,(anonymous_14)
FNDA:1,(anonymous_15)
FNDA:1,(anonymous_16)
FNDA:1,(anonymous_17)
DA:2,1
DA:3,1
DA:4,1
DA:7,1
DA:8,0
DA:9,0
DA:12,1
DA:13,0
DA:14,0
DA:15,0
DA:16,0
DA:19,1
DA:20,0
DA:21,0
DA:22,0
DA:23,0
DA:24,0
DA:26,0
DA:30,1
DA:31,0
DA:32,0
DA:33,0
DA:38,0
DA:39,0
DA:41,0
DA:46,1
DA:66,1
DA:71,1
DA:76,8
DA:77,4
DA:79,1
DA:80,1
DA:81,1
DA:82,1
DA:84,3
DA:85,3
DA:88,2
DA:89,2
DA:90,2
DA:91,1
DA:92,1
DA:93,1
DA:94,1
DA:97,2
DA:98,2
DA:99,2
DA:100,2
DA:101,2
DA:102,2
DA:103,2
DA:104,2
DA:107,1
DA:108,1
DA:109,1
DA:110,1
DA:111,1
DA:112,1
DA:113,1
DA:114,1
DA:118,1
LF:60
LH:42
BRDA:13,0,0,0
BRDA:13,0,1,0
BRDA:15,1,0,0
BRDA:15,1,1,0
BRDA:32,2,0,0
BRDA:32,2,1,0
BRDA:38,3,0,0
BRDA:38,3,1,0
BRDA:80,4,0,1
BRDA:80,4,1,0
BRDA:85,5,0,3
BRDA:85,5,1,1
BRDA:90,6,0,1
BRDA:90,6,1,1
BRDA:99,7,0,0
BRDA:99,7,1,2
BRDA:100,8,0,2
BRDA:100,8,1,0
BRDA:101,9,0,2
BRDA:101,9,1,0
BRDA:102,10,0,1
BRDA:102,10,1,1
BRDA:109,11,0,0
BRDA:109,11,1,1
BRDA:110,12,0,1
BRDA:110,12,1,0
BRDA:111,13,0,1
BRDA:111,13,1,0
BRF:28
BRH:13
end_of_record
TN:
SF:routes/volunteerHistory.js
FN:12,ensureStore
FN:16,readAll
FN:21,writeAll
FN:24,requireFields
FN:25,(anonymous_4)
FN:35,(anonymous_5)
FN:58,(anonymous_6)
FN:61,(anonymous_7)
FN:62,(anonymous_8)
FN:63,(anonymous_9)
FN:67,(anonymous_10)
FN:71,(anonymous_11)
FN:77,(anonymous_12)
FN:84,(anonymous_13)
FN:87,(anonymous_14)
FNF:15
FNH:15
FNDA:15,ensureStore
FNDA:15,readAll
FNDA:11,writeAll
FNDA:1,requireFields
FNDA:11,(anonymous_4)
FNDA:10,(anonymous_5)
FNDA:3,(anonymous_6)
FNDA:5,(anonymous_7)
FNDA:2,(anonymous_8)
FNDA:1,(anonymous_9)
FNDA:3,(anonymous_10)
FNDA:4,(anonymous_11)
FNDA:1,(anonymous_12)
FNDA:1,(anonymous_13)
FNDA:1,(anonymous_14)
DA:2,1
DA:3,1
DA:4,1
DA:5,1
DA:7,1
DA:9,1
DA:10,1
DA:13,15
DA:14,15
DA:17,15
DA:18,15
DA:19,15
DA:22,11
DA:25,1
DA:26,11
DA:27,22
DA:28,1
DA:31,10
DA:35,1
DA:36,10
DA:37,10
DA:38,1
DA:40,9
DA:41,9
DA:42,9
DA:53,9
DA:54,9
DA:55,9
DA:58,1
DA:59,3
DA:60,3
DA:61,5
DA:62,3
DA:63,3
DA:64,3
DA:67,1
DA:68,3
DA:69,3
DA:70,3
DA:71,4
DA:73,3
DA:74,1
DA:76,2
DA:77,2
DA:78,2
DA:79,1
DA:80,1
DA:81,1
DA:84,1
DA:85,1
DA:86,1
DA:87,1
DA:88,1
DA:89,1
DA:90,1
DA:91,1
DA:94,1
LF:57
LH:57
BRDA:13,0,0,0
BRDA:13,0,1,15
BRDA:14,1,0,6
BRDA:14,1,1,9
BRDA:18,2,0,15
BRDA:18,2,1,0
BRDA:27,3,0,1
BRDA:27,3,1,21
BRDA:27,4,0,22
BRDA:27,4,1,21
BRDA:27,4,2,21
BRDA:37,5,0,1
BRDA:37,5,1,9
BRDA:37,6,0,10
BRDA:37,6,1,6
BRDA:37,6,2,6
BRDA:46,7,0,9
BRDA:46,7,1,4
BRDA:47,8,0,9
BRDA:47,8,1,4
BRDA:48,9,0,9
BRDA:48,9,1,7
BRDA:49,10,0,9
BRDA:49,10,1,7
BRDA:60,11,0,0
BRDA:60,11,1,3
BRDA:62,12,0,1
BRDA:62,12,1,2
BRDA:71,13,0,4
BRDA:71,13,1,4
BRDA:73,14,0,1
BRDA:73,14,1,2
BRDA:73,15,0,3
BRDA:73,15,1,3
BRDA:73,15,2,3
BRDA:78,16,0,1
BRDA:78,16,1,1
BRDA:88,17,0,0
BRDA:88,17,1,1
BRF:39
BRH:35
end_of_record
