TN:
SF:routes/events.js
FN:28,(anonymous_0)
FN:33,(anonymous_1)
FNF:2
FNH:2
FNDA:1,(anonymous_0)
FNDA:2,(anonymous_1)
DA:2,1
DA:3,1
DA:6,1
DA:28,1
DA:29,1
DA:33,1
DA:34,2
DA:37,2
DA:38,1
DA:41,1
DA:51,1
DA:52,1
DA:55,1
LF:13
LH:13
BRDA:37,0,0,1
BRDA:37,0,1,1
BRDA:37,1,0,2
BRDA:37,1,1,1
BRDA:37,1,2,1
BRDA:46,2,0,1
BRDA:46,2,1,0
BRDA:47,3,0,1
BRDA:47,3,1,0
BRDA:48,4,0,1
BRDA:48,4,1,0
BRF:11
BRH:8
end_of_record
TN:
SF:routes/match.js
FN:18,(anonymous_0)
FN:21,(anonymous_1)
FN:22,(anonymous_2)
FN:23,(anonymous_3)
FNF:4
FNH:4
FNDA:1,(anonymous_0)
FNDA:2,(anonymous_1)
FNDA:4,(anonymous_2)
FNDA:6,(anonymous_3)
DA:2,1
DA:3,1
DA:6,1
DA:12,1
DA:18,1
DA:19,1
DA:21,1
DA:22,2
DA:23,6
DA:27,2
DA:33,1
DA:36,1
LF:12
LH:12
BRDA:23,0,0,4
BRDA:23,0,1,3
BRF:2
BRH:2
end_of_record
